<?xml version="1.0" encoding="UTF-8"?>
<!-- Generated by org.testng.reporters.JUnitReportReporter -->
<testsuite hostname="YAVUZKACAN" failures="0" tests="1" name="epiasUIProject.baseClass" time="24.503" errors="0" timestamp="2020-05-19T23:09:25 EET" skipped="0">
  <testcase classname="epiasUIProject.baseClass" name="epias" time="24.503"/>
  <system-out/>
</testsuite> <!-- epiasUIProject.baseClass -->
